<?xml version="1.0" encoding="UTF-8"?>
<!-- Generated by org.testng.reporters.JUnitXMLReporter -->
<testsuite hostname="WPEYO4NXFHBLHOQ" name="TestNG Test1" tests="3" failures="0" timestamp="18 Aug 2016 01:00:00 GMT" time="27.336" errors="0">
  <testcase name="@AfterMethod killServer" time="0.0" classname="com.appium.test.loginTest">
    <failure type="org.openqa.selenium.WebDriverException" message="Unable to launch the app: Error: Trying to start logcat capture but it&amp;apos;s already started! (WARNING: The server did not provide any stacktrace information)
Command duration or timeout: 110 milliseconds
Build info: version: &amp;apos;2.53.0&amp;apos;, revision: &amp;apos;35ae25b1534ae328c771e0856c93e187490ca824&amp;apos;, time: &amp;apos;2016-03-15 10:43:46&amp;apos;
System info: host: &amp;apos;WPEYO4NXFHBLHOQ&amp;apos;, ip: &amp;apos;10.1.50.149&amp;apos;, os.name: &amp;apos;Windows 7&amp;apos;, os.arch: &amp;apos;x86&amp;apos;, os.version: &amp;apos;6.1&amp;apos;, java.version: &amp;apos;1.8.0_91&amp;apos;
Driver info: io.appium.java_client.android.AndroidDriver
Capabilities [{appPackage=zmsoft.rest.supply, networkConnectionEnabled=true, warnings={}, databaseEnabled=false, deviceName=QMS4C15C28004268, platform=LINUX, appActivity=.ui.AppSplash, desired={appActivity=.ui.AppSplash, appPackage=zmsoft.rest.supply, platformVersion=5.1.1, browserName=, platformName=Android, udid=QMS4C15C28004268, deviceName=huawei-kiw_al10}, platformVersion=5.1.1, webStorageEnabled=false, locationContextEnabled=false, browserName=, takesScreenshot=true, javascriptEnabled=true, platformName=Android, udid=QMS4C15C28004268}]
Session ID: 84413037-d5cd-4107-87de-95ea62b4f771">
      <![CDATA[org.openqa.selenium.WebDriverException: Unable to launch the app: Error: Trying to start logcat capture but it's already started! (WARNING: The server did not provide any stacktrace information)
Command duration or timeout: 110 milliseconds
Build info: version: '2.53.0', revision: '35ae25b1534ae328c771e0856c93e187490ca824', time: '2016-03-15 10:43:46'
System info: host: 'WPEYO4NXFHBLHOQ', ip: '10.1.50.149', os.name: 'Windows 7', os.arch: 'x86', os.version: '6.1', java.version: '1.8.0_91'
Driver info: io.appium.java_client.android.AndroidDriver
Capabilities [{appPackage=zmsoft.rest.supply, networkConnectionEnabled=true, warnings={}, databaseEnabled=false, deviceName=QMS4C15C28004268, platform=LINUX, appActivity=.ui.AppSplash, desired={appActivity=.ui.AppSplash, appPackage=zmsoft.rest.supply, platformVersion=5.1.1, browserName=, platformName=Android, udid=QMS4C15C28004268, deviceName=huawei-kiw_al10}, platformVersion=5.1.1, webStorageEnabled=false, locationContextEnabled=false, browserName=, takesScreenshot=true, javascriptEnabled=true, platformName=Android, udid=QMS4C15C28004268}]
Session ID: 84413037-d5cd-4107-87de-95ea62b4f771
	at sun.reflect.NativeConstructorAccessorImpl.newInstance0(Native Method)
	at sun.reflect.NativeConstructorAccessorImpl.newInstance(Unknown Source)
	at sun.reflect.DelegatingConstructorAccessorImpl.newInstance(Unknown Source)
	at java.lang.reflect.Constructor.newInstance(Unknown Source)
	at org.openqa.selenium.remote.ErrorHandler.createThrowable(ErrorHandler.java:206)
	at org.openqa.selenium.remote.ErrorHandler.throwIfResponseFailed(ErrorHandler.java:158)
	at org.openqa.selenium.remote.RemoteWebDriver.execute(RemoteWebDriver.java:678)
	at io.appium.java_client.DefaultGenericMobileDriver.execute(DefaultGenericMobileDriver.java:51)
	at io.appium.java_client.AppiumDriver.execute(AppiumDriver.java:268)
	at io.appium.java_client.AppiumDriver.launchApp(AppiumDriver.java:309)
	at com.test.tools.BaseTest.killServer(BaseTest.java:42)
	at sun.reflect.NativeMethodAccessorImpl.invoke0(Native Method)
	at sun.reflect.NativeMethodAccessorImpl.invoke(Unknown Source)
	at sun.reflect.DelegatingMethodAccessorImpl.invoke(Unknown Source)
	at java.lang.reflect.Method.invoke(Unknown Source)
	at org.testng.internal.MethodInvocationHelper.invokeMethod(MethodInvocationHelper.java:85)
	at org.testng.internal.Invoker.invokeConfigurationMethod(Invoker.java:510)
	at org.testng.internal.Invoker.invokeConfigurations(Invoker.java:211)
	at org.testng.internal.Invoker.invokeMethod(Invoker.java:703)
	at org.testng.internal.Invoker.invokeTestMethod(Invoker.java:816)
	at org.testng.internal.Invoker.invokeTestMethods(Invoker.java:1124)
	at org.testng.internal.TestMethodWorker.invokeTestMethods(TestMethodWorker.java:125)
	at org.testng.internal.TestMethodWorker.run(TestMethodWorker.java:108)
	at org.testng.TestRunner.privateRun(TestRunner.java:774)
	at org.testng.TestRunner.run(TestRunner.java:624)
	at org.testng.SuiteRunner.runTest(SuiteRunner.java:359)
	at org.testng.SuiteRunner.access$000(SuiteRunner.java:39)
	at org.testng.SuiteRunner$SuiteWorker.run(SuiteRunner.java:393)
	at org.testng.internal.thread.ThreadUtil$2.call(ThreadUtil.java:64)
	at java.util.concurrent.FutureTask.run(Unknown Source)
	at java.util.concurrent.ThreadPoolExecutor.runWorker(Unknown Source)
	at java.util.concurrent.ThreadPoolExecutor$Worker.run(Unknown Source)
	at java.lang.Thread.run(Unknown Source)
]]>
    </failure>
  </testcase> <!-- @AfterMethod killServer -->
  <testcase name="@BeforeMethod startApp" time="0.0" classname="com.appium.test.loginTest">
    <skipped/>
  </testcase> <!-- @BeforeMethod startApp -->
  <testcase name="@AfterMethod killServer" time="0.0" classname="com.appium.test.loginTest">
    <skipped/>
  </testcase> <!-- @AfterMethod killServer -->
  <testcase name="@BeforeMethod startApp" time="0.0" classname="com.appium.test.testAppium">
    <skipped/>
  </testcase> <!-- @BeforeMethod startApp -->
  <testcase name="@AfterMethod killServer" time="0.0" classname="com.appium.test.testAppium">
    <skipped/>
  </testcase> <!-- @AfterMethod killServer -->
  <testcase name="test_supplyCGD" time="27.218" classname="com.appium.test.loginTest">
    <skipped/>
  </testcase> <!-- test_supplyCGD -->
  <testcase name="test_supplyCGD" time="0.0" classname="com.appium.test.loginTest">
    <skipped/>
  </testcase> <!-- test_supplyCGD -->
  <testcase name="testSum" time="0.0" classname="com.appium.test.testAppium">
    <skipped/>
  </testcase> <!-- testSum -->
</testsuite> <!-- TestNG Test1 -->
